f:\aoc\v2\aoc2025\aoc2025\x64\debug\vc143.pdb
f:\aoc\v2\aoc2025\aoc2025\x64\debug\vc143.idb
f:\aoc\v2\aoc2025\aoc2025\x64\debug\day2.obj
f:\aoc\v2\aoc2025\aoc2025\x64\debug\day1.obj
f:\aoc\v2\aoc2025\aoc2025\x64\debug\aoc2025.obj
f:\aoc\v2\aoc2025\x64\debug\aoc2025.pdb
f:\aoc\v2\aoc2025\aoc2025\x64\debug\aoc2025.tlog\cl.command.1.tlog
f:\aoc\v2\aoc2025\aoc2025\x64\debug\aoc2025.tlog\cl.read.1.tlog
f:\aoc\v2\aoc2025\aoc2025\x64\debug\aoc2025.tlog\cl.write.1.tlog
f:\aoc\v2\aoc2025\aoc2025\x64\debug\aoc2025.tlog\link-cvtres.read.1.tlog
f:\aoc\v2\aoc2025\aoc2025\x64\debug\aoc2025.tlog\link-cvtres.write.1.tlog
f:\aoc\v2\aoc2025\aoc2025\x64\debug\aoc2025.tlog\link-rc.read.1.tlog
f:\aoc\v2\aoc2025\aoc2025\x64\debug\aoc2025.tlog\link-rc.write.1.tlog
f:\aoc\v2\aoc2025\aoc2025\x64\debug\aoc2025.tlog\link.command.1.tlog
f:\aoc\v2\aoc2025\aoc2025\x64\debug\aoc2025.tlog\link.read.1.tlog
f:\aoc\v2\aoc2025\aoc2025\x64\debug\aoc2025.tlog\link.read.2.tlog
f:\aoc\v2\aoc2025\aoc2025\x64\debug\aoc2025.tlog\link.read.3.tlog
f:\aoc\v2\aoc2025\aoc2025\x64\debug\aoc2025.tlog\link.read.4.tlog
f:\aoc\v2\aoc2025\aoc2025\x64\debug\aoc2025.tlog\link.read.5.tlog
f:\aoc\v2\aoc2025\aoc2025\x64\debug\aoc2025.tlog\link.write.1.tlog
